[debug] [2017-11-20T10:07:07.594Z] ----------------------------------------------------------------------
[debug] [2017-11-20T10:07:07.596Z] Command:       /usr/local/bin/node /Users/moyouribhattacharjee/Desktop/Codenames/node_modules/.bin/firebase serve --only functions,hosting
[debug] [2017-11-20T10:07:07.596Z] CLI Version:   3.14.0
[debug] [2017-11-20T10:07:07.597Z] Platform:      darwin
[debug] [2017-11-20T10:07:07.597Z] Node Version:  v7.10.1
[debug] [2017-11-20T10:07:07.597Z] Time:          Mon Nov 20 2017 05:07:07 GMT-0500 (EST)
[debug] [2017-11-20T10:07:07.597Z] ----------------------------------------------------------------------
[debug] 
[debug] [2017-11-20T10:07:07.613Z] > command requires scopes: ["email","openid","https://www.googleapis.com/auth/cloudplatformprojects.readonly","https://www.googleapis.com/auth/firebase","https://www.googleapis.com/auth/cloud-platform"]
[debug] [2017-11-20T10:07:07.614Z] > authorizing via signed-in user
[debug] [2017-11-20T10:07:07.616Z] > refreshing access token with scopes: ["email","https://www.googleapis.com/auth/cloud-platform","https://www.googleapis.com/auth/cloudplatformprojects.readonly","https://www.googleapis.com/auth/firebase","openid"]
[debug] [2017-11-20T10:07:07.616Z] >>> HTTP REQUEST POST https://www.googleapis.com/oauth2/v3/token { refresh_token: '1/4KnB9Gk-aYyClFoUX3mFaWkfkPHg4pz20ljfvy4HJpQ',
  client_id: '563584335869-fgrhgmd47bqnekij5i8b5pr03ho849e6.apps.googleusercontent.com',
  client_secret: 'j9iVZfS8kkCEFUPaAeJV0sAi',
  grant_type: 'refresh_token',
  scope: 'email https://www.googleapis.com/auth/cloud-platform https://www.googleapis.com/auth/cloudplatformprojects.readonly https://www.googleapis.com/auth/firebase openid' } 
 Mon Nov 20 2017 05:07:07 GMT-0500 (EST)
[debug] [2017-11-20T10:07:07.888Z] <<< HTTP RESPONSE 200
[debug] [2017-11-20T10:07:07.896Z] >>> HTTP REQUEST GET https://admin.firebase.com/v1/projects/aicodenamesplayer  
 Mon Nov 20 2017 05:07:07 GMT-0500 (EST)
[debug] [2017-11-20T10:07:08.337Z] <<< HTTP RESPONSE 200
[debug] [2017-11-20T10:07:08.339Z] >>> HTTP REQUEST GET https://admin.firebase.com/v1/database/aicodenamesplayer/tokens  
 Mon Nov 20 2017 05:07:08 GMT-0500 (EST)
[debug] [2017-11-20T10:07:08.779Z] <<< HTTP RESPONSE 200
[info] 
[info] === Serving from '/Users/moyouribhattacharjee/Desktop/Codenames'...
[info] 
[info] i  functions: Preparing to emulate functions.
[debug] [2017-11-20T10:07:09.127Z] >>> HTTP REQUEST GET https://appengine.googleapis.com/v1/apps/aicodenamesplayer  
 Mon Nov 20 2017 05:07:09 GMT-0500 (EST)
[debug] [2017-11-20T10:07:09.127Z] >>> HTTP REQUEST GET https://apikeys.googleapis.com/v1/projects/aicodenamesplayer/apiKeys  
 Mon Nov 20 2017 05:07:09 GMT-0500 (EST)
[debug] [2017-11-20T10:07:09.127Z] >>> HTTP REQUEST GET https://cloudresourcemanager.googleapis.com/v1/projects/aicodenamesplayer  
 Mon Nov 20 2017 05:07:09 GMT-0500 (EST)
[debug] [2017-11-20T10:07:09.495Z] <<< HTTP RESPONSE 200
[debug] [2017-11-20T10:07:09.498Z] <<< HTTP RESPONSE 200
[debug] [2017-11-20T10:07:09.499Z] >>> HTTP REQUEST GET https://mobilesdk-pa.googleapis.com/v1/projects/22015414454/clients/_:getWebAppConfig  
 Mon Nov 20 2017 05:07:09 GMT-0500 (EST)
[debug] [2017-11-20T10:07:09.674Z] <<< HTTP RESPONSE 200
[debug] [2017-11-20T10:07:09.996Z] <<< HTTP RESPONSE 200
[info] i  hosting: Serving hosting files from: public
[info] ✔  hosting: Local server: http://localhost:5000

